<?xml version="1.0" encoding="UTF-8"?>
<!-- Generated by org.testng.reporters.JUnitReportReporter -->
<testsuite hostname="swara" failures="0" tests="4" name="facebook.MultipleClass" time="0.259" errors="0" timestamp="2024-10-16T11:44:27 IST" skipped="0">
  <testcase classname="facebook.MultipleClass" name="verifyingLoginFunctionality" time="0.147"/>
  <testcase classname="facebook.MultipleClass" name="verifyingFacebookPageTitle" time="0.014"/>
  <testcase classname="facebook.MultipleClass" name="verifyingFacebookPageTitle1" time="0.017"/>
  <testcase classname="facebook.MultipleClass" name="verifyingLoginFunctionality1" time="0.081"/>
</testsuite> <!-- facebook.MultipleClass -->
