<?xml version="1.0" encoding="UTF-8"?>
<!-- Generated by org.testng.reporters.JUnitReportReporter -->
<testsuite hostname="swara" failures="0" tests="2" name="facebook.Assert1" time="0.084" errors="0" timestamp="2024-09-10T17:30:51 IST" skipped="0">
  <testcase classname="facebook.Assert1" name="verifyingFacebookPageTitle" time="0.013"/>
  <testcase classname="facebook.Assert1" name="verifyingLoginFunctionality" time="0.071"/>
</testsuite> <!-- facebook.Assert1 -->
