<?xml version="1.0" encoding="UTF-8"?>
<!-- Generated by org.testng.reporters.JUnitReportReporter -->
<testsuite hostname="swara" failures="0" tests="2" name="facebook.Annotations" time="0.017" errors="0" timestamp="2024-09-13T15:43:36 IST" skipped="0">
  <testcase classname="facebook.Annotations" name="search" time="0.006"/>
  <testcase classname="facebook.Annotations" name="advancedsearch" time="0.011"/>
</testsuite> <!-- facebook.Annotations -->
