<?xml version="1.0" encoding="UTF-8"?>
<!-- Generated by org.testng.reporters.JUnitReportReporter -->
<testsuite hostname="swara" failures="0" tests="2" name="facebook.Annotations1" time="0.006" errors="0" timestamp="2024-09-10T17:26:02 IST" skipped="0">
  <testcase classname="facebook.Annotations1" name="search" time="0.004"/>
  <testcase classname="facebook.Annotations1" name="advancedsearch" time="0.002"/>
</testsuite> <!-- facebook.Annotations1 -->
